

-------------------- Программа запущена 29_06_2022 -------------------- 


[ОШИБКА] Ошибка чтения файла
[ОШИБКА] Ошибка записи в файл


-------------------- Выход из программы 29_06_2022 -------------------- 




-------------------- Программа запущена 29_06_2022 -------------------- 


[ИНФО] Создание предмета


-------------------- Программа запущена 29_06_2022 -------------------- 


[ИНФО] Создание предмета
[ОШИБКА] Ошибка чтения файла: expected str, bytes or os.PathLike object, not NoneType
[ОШИБКА] Ошибка записи в файл: expected str, bytes or os.PathLike object, not NoneType


-------------------- Выход из программы 29_06_2022 -------------------- 




-------------------- Программа запущена 29_06_2022_23_33_36 -------------------- 


[ИНФО] Создание предмета
[ИНФО] DB_PATH: None
[ОШИБКА] Ошибка чтения файла: expected str, bytes or os.PathLike object, not NoneType


-------------------- Программа запущена 29_06_2022_23_36_19 -------------------- 


[ИНФО] Создание предмета
[ИНФО] DB_PATH: items.json
[ОШИБКА] Ошибка чтения файла: Expecting value: line 1 column 1 (char 0)
[ИНФО] Предмет создан {'title': 'Шерсть', 'price': '0', 'recipe': None}
[ИНФО] Создание предмета
[ИНФО] DB_PATH: items.json
[ОШИБКА] Ошибка чтения файла: string indices must be integers
[ИНФО] Предмет создан {'title': 'Шерсть', 'price': '0', 'recipe': None}
[ИНФО] Создание предмета
[ИНФО] DB_PATH: items.json
[ОШИБКА] Ошибка чтения файла: Extra data: line 5 column 2 (char 63)
[ИНФО] Предмет создан {'title': 'Шёлк', 'price': '0', 'recipe': None}


-------------------- Выход из программы 29_06_2022_23_36_19 -------------------- 


[ОШИБКА] Ошибка записи в файл: expected str, bytes or os.PathLike object, not NoneType


-------------------- Выход из программы 29_06_2022_23_33_36 -------------------- 




-------------------- Программа запущена 29_06_2022_23_39_08 -------------------- 


[ИНФО] Создание предмета
[ИНФО] DB_PATH: items.json
[ОШИБКА] Ошибка чтения файла: Expecting value: line 1 column 1 (char 0)


-------------------- Программа запущена 29_06_2022_23_39_45 -------------------- 


[ИНФО] Создание предмета
[ИНФО] DB_PATH: items.json
[ОШИБКА] Ошибка чтения файла: Expecting value: line 1 column 1 (char 0)


-------------------- Программа запущена 29_06_2022_23_41_13 -------------------- 


[ИНФО] Создание предмета
[ИНФО] DB_PATH: items.json
[ОШИБКА] Ошибка чтения файла: Expecting value: line 1 column 1 (char 0)


-------------------- Программа запущена 29_06_2022_23_41_39 -------------------- 




-------------------- Выход из программы 29_06_2022_23_41_39 -------------------- 




-------------------- Программа запущена 29_06_2022_23_41_40 -------------------- 


[ИНФО] Создание предмета
[ИНФО] DB_PATH: items.json
[ОШИБКА] Ошибка чтения файла: Expecting value: line 1 column 1 (char 0)
[ОШИБКА] Вылет: 'function' object has no attribute 'to_dict'


-------------------- Программа запущена 29_06_2022_23_42_50 -------------------- 


[ИНФО] Создание предмета
[ИНФО] DB_PATH: items.json
[ОШИБКА] Ошибка чтения файла: Expecting value: line 1 column 1 (char 0)
[ИНФО] Предмет создан {'title': 'Шерсть', 'price': '0', 'recipe': None}
[ИНФО] Создание предмета
[ИНФО] DB_PATH: items.json
[ИНФО] DB_PATH: items.json


-------------------- Программа запущена 29_06_2022_23_45_44 -------------------- 


[ИНФО] Создание предмета
[ИНФО] Открытие на чтение файл: items.json
[ИНФО] Выгрузка списка предметов из файла: items.json
[ИНФО] Предмет Шерсть проверен на уникальность
[ИНФО] Предмет создан {'title': 'Шерсть', 'price': '0', 'recipe': None}


-------------------- Выход из программы 29_06_2022_23_45_44 -------------------- 




-------------------- Программа запущена 29_06_2022_23_47_08 -------------------- 


[ИНФО] Создание предмета
[ИНФО] Открытие на чтение файл: items.json
[ИНФО] Выгрузка списка предметов из файла: items.json
[ИНФО] Список предметов: [{'title': 'Шерсть', 'price': '0', 'recipe': None}, {'title': 'Шерсть', 'price': '0', 'recipe': None}]
[ИНФО] Предмет Шерсть проверен на уникальность
[ИНФО] Предмет создан {'title': 'Шерсть', 'price': '0', 'recipe': None}


-------------------- Выход из программы 29_06_2022_23_47_08 -------------------- 




-------------------- Программа запущена 29_06_2022_23_48_16 -------------------- 


[ИНФО] Создание предмета
[ИНФО] Открытие на чтение файл: items.json
[ИНФО] Выгрузка списка предметов из файла: items.json
[ИНФО] Предмет #0: {'title': 'Шерсть', 'price': '0', 'recipe': None}
[ИНФО] Предмет #1: {'title': 'Шерсть', 'price': '0', 'recipe': None}
[ИНФО] Предмет #2: {'title': 'Шерсть', 'price': '0', 'recipe': None}
[ИНФО] Предмет Шерсть проверен на уникальность
[ИНФО] Предмет создан {'title': 'Шерсть', 'price': '0', 'recipe': None}


-------------------- Выход из программы 29_06_2022_23_48_16 -------------------- 




-------------------- Программа запущена 29_06_2022_23_51_03 -------------------- 


[ИНФО] Создание предмета
[ИНФО] Открытие на чтение файл: items.json
[ИНФО] Выгрузка списка предметов из файла: items.json
[ИНФО] Предмет #0: {'title': 'Шерсть', 'price': '0', 'recipe': None}
[ПРЕД] Шерсть совпадает с Шерсть # 0
[ИНФО] Предмет #1: {'title': 'Шерсть', 'price': '0', 'recipe': None}
[ПРЕД] Шерсть совпадает с Шерсть # 1
[ИНФО] Предмет #2: {'title': 'Шерсть', 'price': '0', 'recipe': None}
[ПРЕД] Шерсть совпадает с Шерсть # 2
[ИНФО] Предмет #3: {'title': 'Шерсть', 'price': '0', 'recipe': None}
[ПРЕД] Шерсть совпадает с Шерсть # 3
[ИНФО] Предмет Шерсть проверен на уникальность
[ИНФО] Предмет создан {'title': 'Шерсть', 'price': '0', 'recipe': None}


-------------------- Выход из программы 29_06_2022_23_51_03 -------------------- 




-------------------- Программа запущена 29_06_2022_23_54_30 -------------------- 


[ИНФО] Создание предмета
[ИНФО] Открытие на чтение файл: items.json
[ИНФО] Выгрузка списка предметов из файла: items.json
[ИНФО] Предмет #0: {'title': 'Шерсть', 'price': '0', 'recipe': None}
[ПРЕД] Шерсть совпадает с Шерсть # 0


-------------------- Программа запущена 29_06_2022_23_55_26 -------------------- 


[ИНФО] Создание предмета
[ИНФО] Открытие на чтение файл: items.json
[ИНФО] Выгрузка списка предметов из файла: items.json
[ИНФО] Предмет #0: {'title': 'Шерсть', 'price': '0', 'recipe': None}
[ПРЕД] Шерсть совпадает с Шерсть#0
[ИНФО] Открытие на чтение файл: items.json
[ИНФО] Выгрузка списка предметов из файла: items.json
[ИНФО] Предмет #0: {'title': 'Шерсть', 'price': '0', 'recipe': None}
[ПРЕД] Шерсть совпадает с Шерсть#0
[ИНФО] Открытие на чтение файл: items.json
[ИНФО] Выгрузка списка предметов из файла: items.json
[ИНФО] Предмет #0: {'title': 'Шерсть', 'price': '0', 'recipe': None}
[ИНФО] Шёлк не совпадает Шерсть#0


-------------------- Программа запущена 29_06_2022_23_58_04 -------------------- 


[ИНФО] Создание предмета
[ИНФО] Открытие на чтение файл: items.json
[ИНФО] Выгрузка списка предметов из файла: items.json
[ИНФО] Предмет #0: {'title': 'Шерсть', 'price': '0', 'recipe': None}
[ПРЕД] Шерсть совпадает с Шерсть#0
[ИНФО] Открытие на чтение файл: items.json
[ИНФО] Выгрузка списка предметов из файла: items.json
[ИНФО] Предмет #0: {'title': 'Шерсть', 'price': '0', 'recipe': None}
[ИНФО] Шелк не совпадает Шерсть#0


-------------------- Программа запущена 29_06_2022_23_58_35 -------------------- 


[ИНФО] Создание предмета
[ИНФО] Открытие на чтение файл: items.json
[ИНФО] Выгрузка списка предметов из файла: items.json
[ИНФО] Предмет #0: {'title': 'Шерсть', 'price': '0', 'recipe': None}
[ПРЕД] Шерсть совпадает с Шерсть#0
