

-------------------- Программа запущена 30_06_2022_00_00_42 -------------------- 


[ИНФО] Создание предмета
[ИНФО] Открытие на чтение файл: items.json
[ИНФО] Выгрузка списка предметов из файла: items.json
[ИНФО] Предмет #0: {'title': 'Шерсть', 'price': '0', 'recipe': None}
[ПРЕД] Шерсть совпадает с Шерсть#0
[ИНФО] Открытие на чтение файл: items.json
[ИНФО] Выгрузка списка предметов из файла: items.json
[ИНФО] Предмет #0: {'title': 'Шерсть', 'price': '0', 'recipe': None}
[ИНФО] Шелк не совпадает Шерсть#0
[ИНФО] Предмет создан {'title': 'Шелк', 'price': '0', 'recipe': None}


-------------------- Выход из программы 30_06_2022_00_00_42 -------------------- 




-------------------- Программа запущена 30_06_2022_00_08_42 -------------------- 




-------------------- Выход из программы 30_06_2022_00_08_42 -------------------- 




-------------------- Программа запущена 30_06_2022_00_11_55 -------------------- 




-------------------- Выход из программы 30_06_2022_00_11_55 -------------------- 




-------------------- Программа запущена 30_06_2022_00_12_43 -------------------- 




-------------------- Выход из программы 30_06_2022_00_12_43 -------------------- 




-------------------- Программа запущена 30_06_2022_00_16_16 -------------------- 


[ИНФО] Открытие на чтение файл: items.json
[ИНФО] Выгрузка списка предметов из файла: items.json
[ИНФО] Вывод предмета {'title': 'Шерсть', 'price': '0', 'recipe': None}#0
[ИНФО] Вывод предмета {'title': 'Шелк', 'price': '0', 'recipe': None}#1


-------------------- Программа запущена 30_06_2022_00_17_57 -------------------- 


[ИНФО] Открытие на чтение файл: items.json
[ИНФО] Выгрузка списка предметов из файла: items.json
[ИНФО] Вывод предмета {'title': 'Шерсть', 'price': '0', 'recipe': None}#0
[ИНФО] Вывод предмета {'title': 'Шелк', 'price': '0', 'recipe': None}#1


-------------------- Выход из программы 30_06_2022_00_17_57 -------------------- 




-------------------- Программа запущена 30_06_2022_00_18_58 -------------------- 


[ИНФО] Открытие на чтение файл: items.json
[ИНФО] Выгрузка списка предметов из файла: items.json
[ИНФО] Вывод предмета {'title': 'Шерсть', 'price': '0', 'recipe': None}#0
[ИНФО] Вывод предмета {'title': 'Шелк', 'price': '0', 'recipe': None}#1


-------------------- Программа запущена 30_06_2022_00_19_37 -------------------- 


[ИНФО] Открытие на чтение файл: items.json
[ИНФО] Выгрузка списка предметов из файла: items.json
[ИНФО] Вывод предмета {'title': 'Шерсть', 'price': '0', 'recipe': None}#0
[ИНФО] Вывод предмета {'title': 'Шелк', 'price': '0', 'recipe': None}#1


-------------------- Выход из программы 30_06_2022_00_19_37 -------------------- 




-------------------- Программа запущена 30_06_2022_00_19_59 -------------------- 


[ИНФО] Вывод всех предметов
[ИНФО] Открытие на чтение файл: items.json
[ИНФО] Выгрузка списка предметов из файла: items.json
[ИНФО] Вывод предмета {'title': 'Шерсть', 'price': '0', 'recipe': None}#0
[ИНФО] Вывод предмета {'title': 'Шелк', 'price': '0', 'recipe': None}#1


-------------------- Выход из программы 30_06_2022_00_19_59 -------------------- 




-------------------- Программа запущена 30_06_2022_00_39_11 -------------------- 


[ИНФО] Создание предмета
[ИНФО] Открытие на чтение файл: items.json
[ИНФО] Выгрузка списка предметов из файла: items.json
[ИНФО] Предмет #0: {'title': 'Шерсть', 'price': '0', 'recipe': None}
[ИНФО] Рулон льняной ткани не совпадает Шерсть#0
[ИНФО] Предмет #1: {'title': 'Шелк', 'price': '0', 'recipe': None}
[ИНФО] Рулон льняной ткани не совпадает Шелк#1
[ПРЕД] Льняной материал не совпадает с Шерсть#0
[ПРЕД] Льняной материал не совпадает с Шелк#0


-------------------- Программа запущена 30_06_2022_00_40_08 -------------------- 


[ИНФО] Создание предмета
[ИНФО] Открытие на чтение файл: items.json
[ИНФО] Выгрузка списка предметов из файла: items.json
[ИНФО] Предмет #0: {'title': 'Шерсть', 'price': '0', 'recipe': None}
[ИНФО] Льняной материал не совпадает Шерсть#0
[ИНФО] Предмет #1: {'title': 'Шелк', 'price': '0', 'recipe': None}
[ИНФО] Льняной материал не совпадает Шелк#1
[ИНФО] Предмет создан {'title': 'Льняной материал', 'price': '0', 'recipe': None}
[ИНФО] Вывод всех предметов
[ИНФО] Открытие на чтение файл: items.json
[ИНФО] Выгрузка списка предметов из файла: items.json
[ИНФО] Вывод предмета {'title': 'Шерсть', 'price': '0', 'recipe': None}#0
[ИНФО] Вывод предмета {'title': 'Шелк', 'price': '0', 'recipe': None}#1
[ИНФО] Вывод предмета {'title': 'Льняной материал', 'price': '0', 'recipe': None}#2
[ИНФО] Создание предмета
[ИНФО] Открытие на чтение файл: items.json
[ИНФО] Выгрузка списка предметов из файла: items.json
[ИНФО] Предмет #0: {'title': 'Шерсть', 'price': '0', 'recipe': None}
[ИНФО] Рулон льняной ткани не совпадает Шерсть#0
[ИНФО] Предмет #1: {'title': 'Шелк', 'price': '0', 'recipe': None}
[ИНФО] Рулон льняной ткани не совпадает Шелк#1
[ИНФО] Предмет #2: {'title': 'Льняной материал', 'price': '0', 'recipe': None}
[ИНФО] Рулон льняной ткани не совпадает Льняной материал#2
[ПРЕД] Льняной материал не совпадает с Шерсть#0
[ПРЕД] Льняной материал не совпадает с Шелк#0
[ПРЕД] Льняной материал не совпадает с Льняной материал#0
[ПРЕД] Льняной материал не совпадает с Шерсть#0
[ПРЕД] Льняной материал не совпадает с Шелк#0
[ПРЕД] Льняной материал не совпадает с Льняной материал#0
[ПРЕД] Льняной материал не совпадает с Шерсть#0
[ПРЕД] Льняной материал не совпадает с Шелк#0
[ПРЕД] Льняной материал не совпадает с Льняной материал#0


-------------------- Программа запущена 30_06_2022_00_43_27 -------------------- 


[ИНФО] Вывод всех предметов
[ИНФО] Открытие на чтение файл: items.json
[ИНФО] Выгрузка списка предметов из файла: items.json
[ИНФО] Вывод предмета {'title': 'Шерсть', 'price': '0', 'recipe': None}#0
[ИНФО] Вывод предмета {'title': 'Шелк', 'price': '0', 'recipe': None}#1
[ИНФО] Вывод предмета {'title': 'Льняной материал', 'price': '0', 'recipe': None}#2
[ИНФО] Создание предмета
[ИНФО] Открытие на чтение файл: items.json
[ИНФО] Выгрузка списка предметов из файла: items.json
[ИНФО] Предмет #0: {'title': 'Шерсть', 'price': '0', 'recipe': None}
[ИНФО] Рулон льняной ткани не совпадает Шерсть#0
[ИНФО] Предмет #1: {'title': 'Шелк', 'price': '0', 'recipe': None}
[ИНФО] Рулон льняной ткани не совпадает Шелк#1
[ИНФО] Предмет #2: {'title': 'Льняной материал', 'price': '0', 'recipe': None}
[ИНФО] Рулон льняной ткани не совпадает Льняной материал#2
[ОШИБКА] Ошибка чтения файла: items.json
[ИНФО] Предмет создан {'title': 'Рулон льняной ткани', 'price': '40', 'recipe': None}
[ИНФО] Вывод всех предметов
[ИНФО] Открытие на чтение файл: items.json
[ИНФО] Выгрузка списка предметов из файла: items.json
[ИНФО] Вывод предмета {'title': 'Шерсть', 'price': '0', 'recipe': None}#0
[ИНФО] Вывод предмета {'title': 'Шелк', 'price': '0', 'recipe': None}#1
[ИНФО] Вывод предмета {'title': 'Льняной материал', 'price': '0', 'recipe': None}#2
[ИНФО] Вывод предмета {'title': 'Рулон льняной ткани', 'price': '40', 'recipe': None}#3
[ИНФО] Вывод всех предметов
[ИНФО] Открытие на чтение файл: items.json
[ИНФО] Выгрузка списка предметов из файла: items.json
[ИНФО] Вывод предмета {'title': 'Шерсть', 'price': '0', 'recipe': None}#0
[ИНФО] Вывод предмета {'title': 'Шелк', 'price': '0', 'recipe': None}#1
[ИНФО] Вывод предмета {'title': 'Льняной материал', 'price': '0', 'recipe': None}#2
[ИНФО] Вывод всех предметов
[ИНФО] Открытие на чтение файл: items.json
[ИНФО] Выгрузка списка предметов из файла: items.json
[ИНФО] Вывод предмета {'title': 'Шерсть', 'price': '0', 'recipe': None}#0
[ИНФО] Вывод предмета {'title': 'Шелк', 'price': '0', 'recipe': None}#1
[ИНФО] Вывод предмета {'title': 'Льняной материал', 'price': '0', 'recipe': None}#2
[ИНФО] Вывод всех предметов
[ИНФО] Открытие на чтение файл: items.json
[ИНФО] Выгрузка списка предметов из файла: items.json
[ИНФО] Вывод предмета {'title': 'Шерсть', 'price': '0', 'recipe': None}#0
[ИНФО] Вывод предмета {'title': 'Шелк', 'price': '0', 'recipe': None}#1
[ИНФО] Вывод предмета {'title': 'Льняной материал', 'price': '0', 'recipe': None}#2
[ИНФО] Вывод всех предметов
[ИНФО] Открытие на чтение файл: items.json
[ИНФО] Выгрузка списка предметов из файла: items.json
[ИНФО] Вывод предмета {'title': 'Шерсть', 'price': '0', 'recipe': None}#0
[ИНФО] Вывод предмета {'title': 'Шелк', 'price': '0', 'recipe': None}#1
[ИНФО] Вывод всех предметов
[ИНФО] Открытие на чтение файл: items.json
[ИНФО] Выгрузка списка предметов из файла: items.json
[ИНФО] Вывод предмета {'title': 'Шерсть', 'price': '0', 'recipe': None}#0
[ИНФО] Вывод предмета {'title': 'Шелк', 'price': '0', 'recipe': None}#1
[ИНФО] Создание предмета
[ИНФО] Открытие на чтение файл: items.json
[ИНФО] Выгрузка списка предметов из файла: items.json
[ИНФО] Предмет #0: {'title': 'Шерсть', 'price': '0', 'recipe': None}
[ИНФО] Рулон льняной ткани не совпадает Шерсть#0
[ИНФО] Предмет #1: {'title': 'Шелк', 'price': '0', 'recipe': None}
[ИНФО] Рулон льняной ткани не совпадает Шелк#1
[ПРЕД] Льняной материал не совпадает с Шерсть#0
[ПРЕД] Льняной материал не совпадает с Шелк#0
[ПРЕД] Льняной материал не совпадает с Шерсть#0
[ПРЕД] Льняной материал не совпадает с Шелк#0
[ПРЕД] Льняной материал не совпадает с Шерсть#0
[ПРЕД] Льняной материал не совпадает с Шелк#0
[ПРЕД] 0 не совпадает с Шерсть#0
[ПРЕД] 0 не совпадает с Шелк#0
[ПРЕД] сды не совпадает с Шерсть#0
[ПРЕД] сды не совпадает с Шелк#0
[ПРЕД] cls не совпадает с Шерсть#0
[ПРЕД] cls не совпадает с Шелк#0


-------------------- Программа запущена 30_06_2022_00_45_32 -------------------- 


[ИНФО] Создание предмета
[ИНФО] Открытие на чтение файл: items.json
[ИНФО] Выгрузка списка предметов из файла: items.json
[ИНФО] Предмет #0: {'title': 'Шерсть', 'price': '0', 'recipe': None}
[ИНФО] Рулон льняной ткани не совпадает Шерсть#0
[ИНФО] Предмет #1: {'title': 'Шелк', 'price': '0', 'recipe': None}
[ИНФО] Рулон льняной ткани не совпадает Шелк#1
[ИНФО] Предмет #2: {'title': 'Льняной материал', 'price': '0', 'recipe': None}
[ИНФО] Рулон льняной ткани не совпадает Льняной материал#2
[ПРЕД] Льняной материал не совпадает с Шерсть#0
[ПРЕД] Льняной материал не совпадает с Шелк#0
[ПРЕД] Льняной материал совпадает с Льняной материал#0
[ИНФО] Предмет создан {'title': 'Рулон льняной ткани', 'price': '40', 'recipe': [{'title': 'Льняной материал', 'count': '2'}]}
[ИНФО] Вывод всех предметов
[ИНФО] Открытие на чтение файл: items.json
[ИНФО] Выгрузка списка предметов из файла: items.json
[ИНФО] Вывод предмета {'title': 'Шерсть', 'price': '0', 'recipe': None}#0
[ИНФО] Вывод предмета {'title': 'Шелк', 'price': '0', 'recipe': None}#1
[ИНФО] Вывод предмета {'title': 'Льняной материал', 'price': '0', 'recipe': None}#2
[ИНФО] Вывод предмета {'title': 'Рулон льняной ткани', 'price': '40', 'recipe': [{'title': 'Льняной материал', 'count': '2'}]}#3


-------------------- Выход из программы 30_06_2022_00_45_32 -------------------- 




-------------------- Программа запущена 30_06_2022_00_48_11 -------------------- 


[ИНФО] Вывод всех предметов
[ИНФО] Открытие на чтение файл: items.json
[ИНФО] Выгрузка списка предметов из файла: items.json
[ИНФО] Вывод предмета {'title': 'Шерсть', 'price': '0', 'recipe': None}#0
[ИНФО] Вывод предмета {'title': 'Шелк', 'price': '0', 'recipe': None}#1
[ИНФО] Вывод предмета {'title': 'Льняной материал', 'price': '0', 'recipe': None}#2
[ИНФО] Вывод предмета {'title': 'Рулон льняной ткани', 'price': '40', 'recipe': [{'title': 'Льняной материал', 'count': '2'}]}#3


-------------------- Выход из программы 30_06_2022_00_48_11 -------------------- 




-------------------- Программа запущена 30_06_2022_00_51_33 -------------------- 


[ИНФО] Создание предмета
[ИНФО] Открытие на чтение файл: items.json
[ИНФО] Выгрузка списка предметов из файла: items.json
[ИНФО] Предмет #0: {'title': 'Шерсть', 'price': '0', 'recipe': None}
[ИНФО] Рулон шерсти не совпадает Шерсть#0
[ИНФО] Предмет #1: {'title': 'Шелк', 'price': '0', 'recipe': None}
[ИНФО] Рулон шерсти не совпадает Шелк#1
[ИНФО] Предмет #2: {'title': 'Льняной материал', 'price': '0', 'recipe': None}
[ИНФО] Рулон шерсти не совпадает Льняной материал#2
[ИНФО] Предмет #3: {'title': 'Рулон льняной ткани', 'price': '40', 'recipe': [{'title': 'Льняной материал', 'count': '2'}]}
[ИНФО] Рулон шерсти не совпадает Рулон льняной ткани#3
[ПРЕД] Шрст не совпадает с Шерсть#0
[ПРЕД] Шрст не совпадает с Шелк#0
[ПРЕД] Шрст не совпадает с Льняной материал#0
[ПРЕД] Шрст не совпадает с Рулон льняной ткани#0
[ПРЕД] Шерсть совпадает с Шерсть#0
[ИНФО] Предмет создан {'title': 'Рулон шерсти', 'price': '400', 'recipe': [{'title': 'Шерсть', 'count': '2'}]}
[ИНФО] Вывод всех предметов
[ИНФО] Открытие на чтение файл: items.json
[ИНФО] Выгрузка списка предметов из файла: items.json
[ИНФО] Вывод предмета {'title': 'Шерсть', 'price': '0', 'recipe': None}#0
[ИНФО] Вывод предмета {'title': 'Шелк', 'price': '0', 'recipe': None}#1
[ИНФО] Вывод предмета {'title': 'Льняной материал', 'price': '0', 'recipe': None}#2
[ИНФО] Вывод предмета {'title': 'Рулон льняной ткани', 'price': '40', 'recipe': [{'title': 'Льняной материал', 'count': '2'}]}#3
[ИНФО] Вывод предмета {'title': 'Рулон шерсти', 'price': '400', 'recipe': [{'title': 'Шерсть', 'count': '2'}]}#4


-------------------- Выход из программы 30_06_2022_00_51_33 -------------------- 


